CRITICAL - 2023-10-06 06:51:05 --> The framework needs the following extension(s) installed and loaded: intl.
in SYSTEMPATH\CodeIgniter.php on line 246.
 1 SYSTEMPATH\CodeIgniter.php(246): CodeIgniter\Exceptions\FrameworkException::forMissingExtension('intl')
 2 SYSTEMPATH\CodeIgniter.php(210): CodeIgniter\CodeIgniter->resolvePlatformExtensions()
 3 FCPATH\index.php(67): CodeIgniter\CodeIgniter->initialize()
CRITICAL - 2023-10-06 06:51:17 --> The framework needs the following extension(s) installed and loaded: intl.
in SYSTEMPATH\CodeIgniter.php on line 246.
 1 SYSTEMPATH\CodeIgniter.php(246): CodeIgniter\Exceptions\FrameworkException::forMissingExtension('intl')
 2 SYSTEMPATH\CodeIgniter.php(210): CodeIgniter\CodeIgniter->resolvePlatformExtensions()
 3 FCPATH\index.php(67): CodeIgniter\CodeIgniter->initialize()
CRITICAL - 2023-10-06 06:54:05 --> The framework needs the following extension(s) installed and loaded: intl.
in SYSTEMPATH\CodeIgniter.php on line 246.
 1 SYSTEMPATH\CodeIgniter.php(246): CodeIgniter\Exceptions\FrameworkException::forMissingExtension('intl')
 2 SYSTEMPATH\CodeIgniter.php(210): CodeIgniter\CodeIgniter->resolvePlatformExtensions()
 3 FCPATH\index.php(67): CodeIgniter\CodeIgniter->initialize()
CRITICAL - 2023-10-06 06:54:05 --> Uncaught Error: Class "Locale" not found in C:\Users\DEV4\Downloads\xampp2\htdocs\codeigniter4\system\Helpers\number_helper.php:136
Stack trace:
#0 C:\Users\DEV4\Downloads\xampp2\htdocs\codeigniter4\system\Helpers\number_helper.php(55): format_number(6, 2, NULL, Array)
#1 C:\Users\DEV4\Downloads\xampp2\htdocs\codeigniter4\system\Debug\BaseExceptionHandler.php(145): number_to_size(6, 2)
#2 C:\Users\DEV4\Downloads\xampp2\htdocs\codeigniter4\app\Views\errors\html\error_exception.php(360): CodeIgniter\Debug\BaseExceptionHandler::describeMemory(6291456)
#3 C:\Users\DEV4\Downloads\xampp2\htdocs\codeigniter4\system\Debug\BaseExceptionHandler.php(241): include('C:\\Users\\DEV4\\D...')
#4 C:\Users\DEV4\Downloads\xampp2\htdocs\codeigniter4\system\Debug\BaseExceptionHandler.php(244): CodeIgniter\Debug\BaseExceptionHandler->CodeIgniter\Debug\{closure}()
#5 C:\Users\DEV4\Downloads\xampp2\htdocs\codeigniter4\system\Debug\ExceptionHandler.php(109): CodeIgniter\Debug\BaseExceptionHandler->render(Object(CodeIgniter\Exceptions\FrameworkException), 500, 'C:\\Users\\DEV4\\D...')
#6 C:\Users\DEV4\Downloads\xampp2\htdocs\codeigniter4\system\Debug\Exceptions.php(147): CodeIgniter\Debug\ExceptionHandler->handle(Object(CodeIgniter\Exceptions\FrameworkException), Object(CodeIgniter\HTTP\IncomingRequest), Object(CodeIgniter\HTTP\Response), 500, 1)
#7 [internal function]: CodeIgniter\Debug\Exceptions->exceptionHandler(Object(CodeIgniter\Exceptions\FrameworkException))
#8 {main}
  thrown
【Previous Exception】
CodeIgniter\Exceptions\FrameworkException
The framework needs the following extension(s) installed and loaded: intl.
#0 C:\Users\DEV4\Downloads\xampp2\htdocs\codeigniter4\system\CodeIgniter.php(246): CodeIgniter\Exceptions\FrameworkException::forMissingExtension('intl')
#1 C:\Users\DEV4\Downloads\xampp2\htdocs\codeigniter4\system\CodeIgniter.php(210): CodeIgniter\CodeIgniter->resolvePlatformExtensions()
#2 C:\Users\DEV4\Downloads\xampp2\htdocs\codeigniter4\public\index.php(67): CodeIgniter\CodeIgniter->initialize()
#3 {main}
in SYSTEMPATH\Helpers\number_helper.php on line 136.
 1 [internal function]: CodeIgniter\Debug\Exceptions->shutdownHandler()
